<?xml version="1.0" encoding="UTF-8"?>
<!-- Generated by org.testng.reporters.JUnitReportReporter -->
<testsuite hostname="Mohammeds-MacBook-Pro.local" failures="0" tests="4" name="testpackage.Testsauce" time="16.639" errors="0" timestamp="2024-05-15T21:31:24 IST" skipped="0">
  <testcase classname="testpackage.Testsauce" name="logintosite" time="1.410"/>
  <testcase classname="testpackage.Testsauce" name="addpdtstocart" time="5.901"/>
  <testcase classname="testpackage.Testsauce" name="personel" time="4.324"/>
  <testcase classname="testpackage.Testsauce" name="hamburger" time="5.004"/>
</testsuite> <!-- testpackage.Testsauce -->
